app/build/intermediates/manifest_merge_blame_file/debug/manifest-merger-blame-debug-report.txt
1<?xml version="1.0" encoding="utf-8"?>
2<manifest xmlns:android="http://schemas.android.com/apk/res/android"
3    package="com.ogh.support"
4    android:versionCode="100010"
5    android:versionName="1.0.1" >
6
7    <uses-sdk
8        android:minSdkVersion="21"
8-->src\main\AndroidManifest.xml
9        android:targetSdkVersion="31" />
9-->src\main\AndroidManifest.xml
10
11    <uses-permission android:name="android.permission.READ_EXTERNAL_STORAGE" />
11-->src\main\AndroidManifest.xml:6:5-80
11-->src\main\AndroidManifest.xml:6:22-77
12    <uses-permission android:name="android.permission.WRITE_EXTERNAL_STORAGE" />
12-->src\main\AndroidManifest.xml:7:5-81
12-->src\main\AndroidManifest.xml:7:22-78
13    <uses-permission android:name="android.permission.ACCESS_NETWORK_STATE" />
13-->src\main\AndroidManifest.xml:8:5-79
13-->src\main\AndroidManifest.xml:8:22-76
14    <uses-permission android:name="android.permission.ACCESS_WIFI_STATE" />
14-->src\main\AndroidManifest.xml:9:5-76
14-->src\main\AndroidManifest.xml:9:22-73
15    <uses-permission android:name="android.permission.CHANGE_WIFI_STATE" />
15-->src\main\AndroidManifest.xml:10:5-76
15-->src\main\AndroidManifest.xml:10:22-73
16    <uses-permission android:name="android.permission.INTERNET" />
16-->src\main\AndroidManifest.xml:11:5-67
16-->src\main\AndroidManifest.xml:11:22-64
17    <uses-permission android:name="android.permission.REQUEST_INSTALL_PACKAGES" />
17-->src\main\AndroidManifest.xml:12:5-83
17-->src\main\AndroidManifest.xml:12:22-80
18    <uses-permission android:name="android.permission.FOREGROUND_SERVICE" />
18-->src\main\AndroidManifest.xml:13:5-77
18-->src\main\AndroidManifest.xml:13:22-74
19
20    <!-- 三方可见性适配 -->
21    <queries>
22        <intent> <!-- 好像是万能写法 -->
22-->src\main\AndroidManifest.xml:17:9-20:18
23            <action android:name="android.intent.action.MAIN" />
23-->src\main\AndroidManifest.xml:76:17-69
23-->src\main\AndroidManifest.xml:76:25-66
24
25            <category android:name="android.intent.category.LAUNCHER" />
25-->src\main\AndroidManifest.xml:77:17-77
25-->src\main\AndroidManifest.xml:77:27-74
26        </intent>
27        <intent>
27-->[com.blankj:utilcodex:1.31.1] AndroidManifest.xml:10:9-12:18
28            <action android:name="android.intent.action.MAIN" />
28-->src\main\AndroidManifest.xml:76:17-69
28-->src\main\AndroidManifest.xml:76:25-66
29        </intent>
30        <intent>
30-->[com.blankj:utilcodex:1.31.1] AndroidManifest.xml:13:9-15:18
31            <action android:name="android.intent.action.VIEW" />
31-->[com.blankj:utilcodex:1.31.1] AndroidManifest.xml:14:13-65
31-->[com.blankj:utilcodex:1.31.1] AndroidManifest.xml:14:21-62
32        </intent>
33        <intent> <!-- H5 支持手淘登录 -->
33-->[com.alipay.sdk:alipaysdk-android:15.8.17] AndroidManifest.xml:10:9-14:18
34            <action android:name="*" />
34-->[com.alipay.sdk:alipaysdk-android:15.8.17] AndroidManifest.xml:11:13-40
34-->[com.alipay.sdk:alipaysdk-android:15.8.17] AndroidManifest.xml:11:21-37
35
36            <data android:scheme="tbopen" />
36-->[com.alipay.sdk:alipaysdk-android:15.8.17] AndroidManifest.xml:13:13-45
36-->[com.alipay.sdk:alipaysdk-android:15.8.17] AndroidManifest.xml:13:19-42
37        </intent>
38
39        <package android:name="com.eg.android.AlipayGphone" /> <!-- 支付宝 app -->
39-->[com.alipay.sdk:alipaysdk-android:15.8.17] AndroidManifest.xml:16:9-63
39-->[com.alipay.sdk:alipaysdk-android:15.8.17] AndroidManifest.xml:16:18-60
40        <package android:name="com.eg.android.AlipayGphoneRC" /> <!-- 沙箱支付宝 app -->
40-->[com.alipay.sdk:alipaysdk-android:15.8.17] AndroidManifest.xml:17:9-65
40-->[com.alipay.sdk:alipaysdk-android:15.8.17] AndroidManifest.xml:17:18-62
41        <package android:name="hk.alipay.wallet" /> <!-- 香港版支付宝 app -->
41-->[com.alipay.sdk:alipaysdk-android:15.8.17] AndroidManifest.xml:18:9-52
41-->[com.alipay.sdk:alipaysdk-android:15.8.17] AndroidManifest.xml:18:18-49
42        <package android:name="hk.alipay.walletRC" />
42-->[com.alipay.sdk:alipaysdk-android:15.8.17] AndroidManifest.xml:19:9-54
42-->[com.alipay.sdk:alipaysdk-android:15.8.17] AndroidManifest.xml:19:18-51
43    </queries>
44    <!-- Android R包可见性 -->
45    <queries package="com.ogh.support" >
45-->src\main\AndroidManifest.xml:23:14-40
46        <intent>
46-->src\main\AndroidManifest.xml:24:9-26:18
47            <action android:name="android.media.action.IMAGE_CAPTURE" />
47-->src\main\AndroidManifest.xml:25:13-73
47-->src\main\AndroidManifest.xml:25:21-70
48        </intent>
49        <intent>
49-->src\main\AndroidManifest.xml:27:9-29:18
50            <action android:name="android.media.action.ACTION_VIDEO_CAPTURE" />
50-->src\main\AndroidManifest.xml:28:13-80
50-->src\main\AndroidManifest.xml:28:21-77
51        </intent>
52    </queries>
53
54    <permission
54-->[androidx.core:core:1.9.0] AndroidManifest.xml:22:5-24:47
55        android:name="com.ogh.support.DYNAMIC_RECEIVER_NOT_EXPORTED_PERMISSION"
55-->[androidx.core:core:1.9.0] AndroidManifest.xml:23:9-81
56        android:protectionLevel="signature" />
56-->[androidx.core:core:1.9.0] AndroidManifest.xml:24:9-44
57
58    <uses-permission android:name="com.ogh.support.DYNAMIC_RECEIVER_NOT_EXPORTED_PERMISSION" />
58-->[androidx.core:core:1.9.0] AndroidManifest.xml:26:5-97
58-->[androidx.core:core:1.9.0] AndroidManifest.xml:26:22-94
59
60    <supports-screens
60-->[com.alipay.sdk:alipaysdk-android:15.8.17] AndroidManifest.xml:22:5-27:39
61        android:anyDensity="true"
61-->[com.alipay.sdk:alipaysdk-android:15.8.17] AndroidManifest.xml:23:9-34
62        android:largeScreens="true"
62-->[com.alipay.sdk:alipaysdk-android:15.8.17] AndroidManifest.xml:24:9-36
63        android:normalScreens="true"
63-->[com.alipay.sdk:alipaysdk-android:15.8.17] AndroidManifest.xml:25:9-37
64        android:resizeable="true"
64-->[com.alipay.sdk:alipaysdk-android:15.8.17] AndroidManifest.xml:26:9-34
65        android:smallScreens="true" />
65-->[com.alipay.sdk:alipaysdk-android:15.8.17] AndroidManifest.xml:27:9-36
66
67    <application
67-->src\main\AndroidManifest.xml:31:5-120:19
68        android:name="com.ogh.support.AppContext"
68-->src\main\AndroidManifest.xml:32:9-35
69        android:allowBackup="false"
69-->src\main\AndroidManifest.xml:33:9-36
70        android:appComponentFactory="androidx.core.app.CoreComponentFactory"
70-->[androidx.core:core:1.9.0] AndroidManifest.xml:28:18-86
71        android:debuggable="true"
72        android:icon="@mipmap/ic_launcher"
72-->src\main\AndroidManifest.xml:34:9-43
73        android:label="@string/app_name"
73-->src\main\AndroidManifest.xml:35:9-41
74        android:networkSecurityConfig="@xml/network_security_config"
74-->src\main\AndroidManifest.xml:36:9-69
75        android:resizeableActivity="false"
75-->src\main\AndroidManifest.xml:37:9-43
76        android:supportsRtl="true"
76-->[me.laoyuyu.aria:core:3.8.16] AndroidManifest.xml:15:9-35
77        android:theme="@style/AppTheme"
77-->src\main\AndroidManifest.xml:38:9-40
78        android:usesCleartextTraffic="true" >
78-->src\main\AndroidManifest.xml:39:9-44
79
80        <!-- Android P Developer Preview的bug -->
81        <uses-library
81-->src\main\AndroidManifest.xml:42:9-44:40
82            android:name="org.apache.http.legacy"
82-->src\main\AndroidManifest.xml:43:13-50
83            android:required="false" />
83-->src\main\AndroidManifest.xml:44:13-37
84        <!-- 今日头条适配方案 -->
85        <meta-data
85-->src\main\AndroidManifest.xml:46:9-48:35
86            android:name="design_width_in_dp"
86-->src\main\AndroidManifest.xml:47:13-46
87            android:value="360" />
87-->src\main\AndroidManifest.xml:48:13-32
88        <meta-data
88-->src\main\AndroidManifest.xml:49:9-51:35
89            android:name="design_height_in_dp"
89-->src\main\AndroidManifest.xml:50:13-47
90            android:value="640" />
90-->src\main\AndroidManifest.xml:51:13-32
91        <!-- 沉浸式状态栏 -->
92        <!-- 适配华为（huawei）刘海屏 -->
93        <meta-data
93-->src\main\AndroidManifest.xml:54:9-56:36
94            android:name="android.notch_support"
94-->src\main\AndroidManifest.xml:55:13-49
95            android:value="true" />
95-->src\main\AndroidManifest.xml:56:13-33
96        <!-- 适配小米（xiaomi）刘海屏 -->
97        <meta-data
97-->src\main\AndroidManifest.xml:58:9-60:50
98            android:name="notch.config"
98-->src\main\AndroidManifest.xml:59:13-40
99            android:value="portrait|landscape" />
99-->src\main\AndroidManifest.xml:60:13-47
100        <!-- 设置文件共享 -->
101        <provider
102            android:name="com.ogh.support.MainFileProvider"
102-->src\main\AndroidManifest.xml:63:13-45
103            android:authorities="com.ogh.support.fileProvider"
103-->src\main\AndroidManifest.xml:64:13-64
104            android:exported="false"
104-->src\main\AndroidManifest.xml:65:13-37
105            android:grantUriPermissions="true" >
105-->src\main\AndroidManifest.xml:66:13-47
106            <meta-data
106-->src\main\AndroidManifest.xml:67:13-69:58
107                android:name="android.support.FILE_PROVIDER_PATHS"
107-->src\main\AndroidManifest.xml:68:17-67
108                android:resource="@xml/provider_paths" />
108-->src\main\AndroidManifest.xml:69:17-55
109        </provider>
110
111        <activity
111-->src\main\AndroidManifest.xml:72:9-79:20
112            android:name="com.ogh.support.view.activity.MainActivity"
112-->src\main\AndroidManifest.xml:73:13-55
113            android:exported="true" >
113-->src\main\AndroidManifest.xml:74:13-36
114            <intent-filter>
114-->src\main\AndroidManifest.xml:75:13-78:29
115                <action android:name="android.intent.action.MAIN" />
115-->src\main\AndroidManifest.xml:76:17-69
115-->src\main\AndroidManifest.xml:76:25-66
116
117                <category android:name="android.intent.category.LAUNCHER" />
117-->src\main\AndroidManifest.xml:77:17-77
117-->src\main\AndroidManifest.xml:77:27-74
118            </intent-filter>
119        </activity>
120        <activity
120-->src\main\AndroidManifest.xml:80:9-82:52
121            android:name="com.ogh.support.view.activity.HeadFootExampleActivity"
121-->src\main\AndroidManifest.xml:81:13-66
122            android:screenOrientation="portrait" />
122-->src\main\AndroidManifest.xml:82:13-49
123        <activity
123-->src\main\AndroidManifest.xml:83:9-85:52
124            android:name="com.ogh.support.view.activity.RefreshRequestActivity"
124-->src\main\AndroidManifest.xml:84:13-65
125            android:screenOrientation="portrait" />
125-->src\main\AndroidManifest.xml:85:13-49
126        <activity
126-->src\main\AndroidManifest.xml:86:9-88:52
127            android:name="com.ogh.support.view.activity.NoDataExampleActivity"
127-->src\main\AndroidManifest.xml:87:13-64
128            android:screenOrientation="portrait" />
128-->src\main\AndroidManifest.xml:88:13-49
129        <activity
129-->src\main\AndroidManifest.xml:89:9-92:70
130            android:name="com.ogh.support.view.activity.WebActivity"
130-->src\main\AndroidManifest.xml:90:13-54
131            android:configChanges="orientation|screenSize|keyboardHidden"
131-->src\main\AndroidManifest.xml:91:13-74
132            android:windowSoftInputMode="stateHidden|adjustResize" />
132-->src\main\AndroidManifest.xml:92:13-67
133        <!-- 微信分享和登录 -->
134        <activity
134-->src\main\AndroidManifest.xml:94:9-100:75
135            android:name="com.ogh.support.wxapi.WXEntryActivity"
135-->src\main\AndroidManifest.xml:95:13-50
136            android:configChanges="keyboardHidden|orientation|screenSize"
136-->src\main\AndroidManifest.xml:96:13-74
137            android:exported="true"
137-->src\main\AndroidManifest.xml:97:13-36
138            android:label="@string/app_name"
138-->src\main\AndroidManifest.xml:98:13-45
139            android:launchMode="singleTask"
139-->src\main\AndroidManifest.xml:99:13-44
140            android:theme="@android:style/Theme.Translucent.NoTitleBar" />
140-->src\main\AndroidManifest.xml:100:13-72
141        <!-- 微信支付 -->
142        <activity
142-->src\main\AndroidManifest.xml:102:9-106:47
143            android:name="com.ogh.support.wxapi.WXPayEntryActivity"
143-->src\main\AndroidManifest.xml:103:13-53
144            android:exported="true"
144-->src\main\AndroidManifest.xml:104:13-36
145            android:launchMode="singleTask"
145-->src\main\AndroidManifest.xml:105:13-44
146            android:theme="@style/wx_theme" />
146-->src\main\AndroidManifest.xml:106:13-44
147        <!-- 下载相关Service -->
148        <service android:name="com.ogh.support.service.DownloadService" />
148-->src\main\AndroidManifest.xml:108:9-60
148-->src\main\AndroidManifest.xml:108:18-57
149
150        <receiver
150-->src\main\AndroidManifest.xml:109:9-115:20
151            android:name="com.ogh.support.receiver.NotificationClickReceiver"
151-->src\main\AndroidManifest.xml:110:13-63
152            android:exported="false" >
152-->src\main\AndroidManifest.xml:111:13-37
153            <intent-filter>
153-->src\main\AndroidManifest.xml:112:13-114:29
154                <action android:name="NOTIFICATION_CLICKED" />
154-->src\main\AndroidManifest.xml:113:17-63
154-->src\main\AndroidManifest.xml:113:25-60
155            </intent-filter>
156        </receiver>
157        <!-- 渠道统计 -->
158        <meta-data
159            android:name="channel"
159-->src\main\AndroidManifest.xml:118:13-35
160            android:value="MeiZu" />
160-->src\main\AndroidManifest.xml:119:13-39
161
162        <activity
162-->[com.blankj:utilcodex:1.31.1] AndroidManifest.xml:19:9-24:75
163            android:name="com.blankj.utilcode.util.UtilsTransActivity4MainProcess"
163-->[com.blankj:utilcodex:1.31.1] AndroidManifest.xml:20:13-83
164            android:configChanges="orientation|keyboardHidden|screenSize"
164-->[com.blankj:utilcodex:1.31.1] AndroidManifest.xml:21:13-74
165            android:exported="false"
165-->[com.blankj:utilcodex:1.31.1] AndroidManifest.xml:22:13-37
166            android:theme="@style/ActivityTranslucent"
166-->[com.blankj:utilcodex:1.31.1] AndroidManifest.xml:23:13-55
167            android:windowSoftInputMode="stateHidden|stateAlwaysHidden" />
167-->[com.blankj:utilcodex:1.31.1] AndroidManifest.xml:24:13-72
168        <activity
168-->[com.blankj:utilcodex:1.31.1] AndroidManifest.xml:25:9-31:75
169            android:name="com.blankj.utilcode.util.UtilsTransActivity"
169-->[com.blankj:utilcodex:1.31.1] AndroidManifest.xml:26:13-71
170            android:configChanges="orientation|keyboardHidden|screenSize"
170-->[com.blankj:utilcodex:1.31.1] AndroidManifest.xml:27:13-74
171            android:exported="false"
171-->[com.blankj:utilcodex:1.31.1] AndroidManifest.xml:28:13-37
172            android:multiprocess="true"
172-->[com.blankj:utilcodex:1.31.1] AndroidManifest.xml:29:13-40
173            android:theme="@style/ActivityTranslucent"
173-->[com.blankj:utilcodex:1.31.1] AndroidManifest.xml:30:13-55
174            android:windowSoftInputMode="stateHidden|stateAlwaysHidden" />
174-->[com.blankj:utilcodex:1.31.1] AndroidManifest.xml:31:13-72
175
176        <provider
176-->[com.blankj:utilcodex:1.31.1] AndroidManifest.xml:33:9-41:20
177            android:name="com.blankj.utilcode.util.UtilsFileProvider"
177-->[com.blankj:utilcodex:1.31.1] AndroidManifest.xml:34:13-70
178            android:authorities="com.ogh.support.utilcode.fileprovider"
178-->[com.blankj:utilcodex:1.31.1] AndroidManifest.xml:35:13-73
179            android:exported="false"
179-->[com.blankj:utilcodex:1.31.1] AndroidManifest.xml:36:13-37
180            android:grantUriPermissions="true" >
180-->[com.blankj:utilcodex:1.31.1] AndroidManifest.xml:37:13-47
181            <meta-data
181-->src\main\AndroidManifest.xml:67:13-69:58
182                android:name="android.support.FILE_PROVIDER_PATHS"
182-->src\main\AndroidManifest.xml:68:17-67
183                android:resource="@xml/util_code_provider_paths" />
183-->src\main\AndroidManifest.xml:69:17-55
184        </provider>
185
186        <service
186-->[com.blankj:utilcodex:1.31.1] AndroidManifest.xml:43:9-49:19
187            android:name="com.blankj.utilcode.util.MessengerUtils$ServerService"
187-->[com.blankj:utilcodex:1.31.1] AndroidManifest.xml:44:13-81
188            android:exported="false" >
188-->[com.blankj:utilcodex:1.31.1] AndroidManifest.xml:45:13-37
189            <intent-filter>
189-->[com.blankj:utilcodex:1.31.1] AndroidManifest.xml:46:13-48:29
190                <action android:name="com.ogh.support.messenger" />
190-->[com.blankj:utilcodex:1.31.1] AndroidManifest.xml:47:17-69
190-->[com.blankj:utilcodex:1.31.1] AndroidManifest.xml:47:25-66
191            </intent-filter>
192        </service>
193
194        <provider
194-->[androidx.emoji2:emoji2:1.2.0] AndroidManifest.xml:24:9-32:20
195            android:name="androidx.startup.InitializationProvider"
195-->[androidx.emoji2:emoji2:1.2.0] AndroidManifest.xml:25:13-67
196            android:authorities="com.ogh.support.androidx-startup"
196-->[androidx.emoji2:emoji2:1.2.0] AndroidManifest.xml:26:13-68
197            android:exported="false" >
197-->[androidx.emoji2:emoji2:1.2.0] AndroidManifest.xml:27:13-37
198            <meta-data
198-->[androidx.emoji2:emoji2:1.2.0] AndroidManifest.xml:29:13-31:52
199                android:name="androidx.emoji2.text.EmojiCompatInitializer"
199-->[androidx.emoji2:emoji2:1.2.0] AndroidManifest.xml:30:17-75
200                android:value="androidx.startup" />
200-->[androidx.emoji2:emoji2:1.2.0] AndroidManifest.xml:31:17-49
201            <meta-data
201-->[androidx.lifecycle:lifecycle-process:2.6.1] AndroidManifest.xml:29:13-31:52
202                android:name="androidx.lifecycle.ProcessLifecycleInitializer"
202-->[androidx.lifecycle:lifecycle-process:2.6.1] AndroidManifest.xml:30:17-78
203                android:value="androidx.startup" />
203-->[androidx.lifecycle:lifecycle-process:2.6.1] AndroidManifest.xml:31:17-49
204            <meta-data
204-->[androidx.profileinstaller:profileinstaller:1.3.0] AndroidManifest.xml:29:13-31:52
205                android:name="androidx.profileinstaller.ProfileInstallerInitializer"
205-->[androidx.profileinstaller:profileinstaller:1.3.0] AndroidManifest.xml:30:17-85
206                android:value="androidx.startup" />
206-->[androidx.profileinstaller:profileinstaller:1.3.0] AndroidManifest.xml:31:17-49
207        </provider>
208        <provider
208-->[com.github.JessYanCoding:AndroidAutoSize:v1.2.1] AndroidManifest.xml:12:9-16:43
209            android:name="me.jessyan.autosize.InitProvider"
209-->[com.github.JessYanCoding:AndroidAutoSize:v1.2.1] AndroidManifest.xml:13:13-60
210            android:authorities="com.ogh.support.autosize-init-provider"
210-->[com.github.JessYanCoding:AndroidAutoSize:v1.2.1] AndroidManifest.xml:14:13-74
211            android:exported="false"
211-->[com.github.JessYanCoding:AndroidAutoSize:v1.2.1] AndroidManifest.xml:15:13-37
212            android:multiprocess="true" />
212-->[com.github.JessYanCoding:AndroidAutoSize:v1.2.1] AndroidManifest.xml:16:13-40
213
214        <activity
214-->[com.alipay.sdk:alipaysdk-android:15.8.17] AndroidManifest.xml:38:9-43:20
215            android:name="com.alipay.sdk.app.H5PayActivity"
215-->[com.alipay.sdk:alipaysdk-android:15.8.17] AndroidManifest.xml:39:13-60
216            android:configChanges="orientation|keyboardHidden|navigation|screenSize|locale|keyboard|screenLayout|density|fontScale|layoutDirection|smallestScreenSize"
216-->[com.alipay.sdk:alipaysdk-android:15.8.17] AndroidManifest.xml:40:13-167
217            android:exported="false"
217-->[com.alipay.sdk:alipaysdk-android:15.8.17] AndroidManifest.xml:41:13-37
218            android:theme="@android:style/Theme.NoTitleBar" >
218-->[com.alipay.sdk:alipaysdk-android:15.8.17] AndroidManifest.xml:42:13-60
219        </activity>
220        <activity
220-->[com.alipay.sdk:alipaysdk-android:15.8.17] AndroidManifest.xml:44:9-49:20
221            android:name="com.alipay.sdk.app.H5AuthActivity"
221-->[com.alipay.sdk:alipaysdk-android:15.8.17] AndroidManifest.xml:45:13-61
222            android:configChanges="orientation|keyboardHidden|navigation|screenSize|locale|keyboard|screenLayout|density|fontScale|layoutDirection|smallestScreenSize"
222-->[com.alipay.sdk:alipaysdk-android:15.8.17] AndroidManifest.xml:46:13-167
223            android:exported="false"
223-->[com.alipay.sdk:alipaysdk-android:15.8.17] AndroidManifest.xml:47:13-37
224            android:theme="@android:style/Theme.NoTitleBar" >
224-->[com.alipay.sdk:alipaysdk-android:15.8.17] AndroidManifest.xml:48:13-60
225        </activity>
226        <activity
226-->[com.alipay.sdk:alipaysdk-android:15.8.17] AndroidManifest.xml:50:9-56:20
227            android:name="com.alipay.sdk.app.PayResultActivity"
227-->[com.alipay.sdk:alipaysdk-android:15.8.17] AndroidManifest.xml:51:13-64
228            android:configChanges="orientation|keyboardHidden|navigation|screenSize|locale|keyboard|screenLayout|density|fontScale|layoutDirection|smallestScreenSize"
228-->[com.alipay.sdk:alipaysdk-android:15.8.17] AndroidManifest.xml:52:13-167
229            android:exported="true"
229-->[com.alipay.sdk:alipaysdk-android:15.8.17] AndroidManifest.xml:53:13-36
230            android:launchMode="singleInstance"
230-->[com.alipay.sdk:alipaysdk-android:15.8.17] AndroidManifest.xml:54:13-48
231            android:theme="@android:style/Theme.Translucent.NoTitleBar" >
231-->[com.alipay.sdk:alipaysdk-android:15.8.17] AndroidManifest.xml:55:13-72
232        </activity>
233        <activity
233-->[com.alipay.sdk:alipaysdk-android:15.8.17] AndroidManifest.xml:57:9-63:20
234            android:name="com.alipay.sdk.app.AlipayResultActivity"
234-->[com.alipay.sdk:alipaysdk-android:15.8.17] AndroidManifest.xml:58:13-67
235            android:configChanges="orientation|keyboardHidden|navigation|screenSize|locale|keyboard|screenLayout|density|fontScale|layoutDirection|smallestScreenSize"
235-->[com.alipay.sdk:alipaysdk-android:15.8.17] AndroidManifest.xml:59:13-167
236            android:exported="true"
236-->[com.alipay.sdk:alipaysdk-android:15.8.17] AndroidManifest.xml:60:13-36
237            android:launchMode="singleTask"
237-->[com.alipay.sdk:alipaysdk-android:15.8.17] AndroidManifest.xml:61:13-44
238            android:theme="@android:style/Theme.Translucent.NoTitleBar" >
238-->[com.alipay.sdk:alipaysdk-android:15.8.17] AndroidManifest.xml:62:13-72
239        </activity>
240        <activity
240-->[com.alipay.sdk:alipaysdk-android:15.8.17] AndroidManifest.xml:64:9-70:20
241            android:name="com.alipay.sdk.app.H5OpenAuthActivity"
241-->[com.alipay.sdk:alipaysdk-android:15.8.17] AndroidManifest.xml:65:13-65
242            android:configChanges="orientation|keyboardHidden|navigation|screenSize|locale|keyboard|screenLayout|density|fontScale|layoutDirection|smallestScreenSize"
242-->[com.alipay.sdk:alipaysdk-android:15.8.17] AndroidManifest.xml:66:13-167
243            android:exported="false"
243-->[com.alipay.sdk:alipaysdk-android:15.8.17] AndroidManifest.xml:67:13-37
244            android:screenOrientation="behind"
244-->[com.alipay.sdk:alipaysdk-android:15.8.17] AndroidManifest.xml:68:13-47
245            android:windowSoftInputMode="adjustResize|stateHidden" >
245-->[com.alipay.sdk:alipaysdk-android:15.8.17] AndroidManifest.xml:69:13-67
246        </activity>
247        <activity
247-->[com.alipay.sdk:alipaysdk-android:15.8.17] AndroidManifest.xml:71:9-76:20
248            android:name="com.alipay.sdk.app.APayEntranceActivity"
248-->[com.alipay.sdk:alipaysdk-android:15.8.17] AndroidManifest.xml:72:13-67
249            android:configChanges="orientation|keyboardHidden|navigation|screenSize|locale|keyboard|screenLayout|density|fontScale|layoutDirection|smallestScreenSize"
249-->[com.alipay.sdk:alipaysdk-android:15.8.17] AndroidManifest.xml:73:13-167
250            android:exported="false"
250-->[com.alipay.sdk:alipaysdk-android:15.8.17] AndroidManifest.xml:74:13-37
251            android:theme="@android:style/Theme.Translucent.NoTitleBar" >
251-->[com.alipay.sdk:alipaysdk-android:15.8.17] AndroidManifest.xml:75:13-72
252        </activity>
253
254        <receiver
254-->[androidx.profileinstaller:profileinstaller:1.3.0] AndroidManifest.xml:34:9-52:20
255            android:name="androidx.profileinstaller.ProfileInstallReceiver"
255-->[androidx.profileinstaller:profileinstaller:1.3.0] AndroidManifest.xml:35:13-76
256            android:directBootAware="false"
256-->[androidx.profileinstaller:profileinstaller:1.3.0] AndroidManifest.xml:36:13-44
257            android:enabled="true"
257-->[androidx.profileinstaller:profileinstaller:1.3.0] AndroidManifest.xml:37:13-35
258            android:exported="true"
258-->[androidx.profileinstaller:profileinstaller:1.3.0] AndroidManifest.xml:38:13-36
259            android:permission="android.permission.DUMP" >
259-->[androidx.profileinstaller:profileinstaller:1.3.0] AndroidManifest.xml:39:13-57
260            <intent-filter>
260-->[androidx.profileinstaller:profileinstaller:1.3.0] AndroidManifest.xml:40:13-42:29
261                <action android:name="androidx.profileinstaller.action.INSTALL_PROFILE" />
261-->[androidx.profileinstaller:profileinstaller:1.3.0] AndroidManifest.xml:41:17-91
261-->[androidx.profileinstaller:profileinstaller:1.3.0] AndroidManifest.xml:41:25-88
262            </intent-filter>
263            <intent-filter>
263-->[androidx.profileinstaller:profileinstaller:1.3.0] AndroidManifest.xml:43:13-45:29
264                <action android:name="androidx.profileinstaller.action.SKIP_FILE" />
264-->[androidx.profileinstaller:profileinstaller:1.3.0] AndroidManifest.xml:44:17-85
264-->[androidx.profileinstaller:profileinstaller:1.3.0] AndroidManifest.xml:44:25-82
265            </intent-filter>
266            <intent-filter>
266-->[androidx.profileinstaller:profileinstaller:1.3.0] AndroidManifest.xml:46:13-48:29
267                <action android:name="androidx.profileinstaller.action.SAVE_PROFILE" />
267-->[androidx.profileinstaller:profileinstaller:1.3.0] AndroidManifest.xml:47:17-88
267-->[androidx.profileinstaller:profileinstaller:1.3.0] AndroidManifest.xml:47:25-85
268            </intent-filter>
269            <intent-filter>
269-->[androidx.profileinstaller:profileinstaller:1.3.0] AndroidManifest.xml:49:13-51:29
270                <action android:name="androidx.profileinstaller.action.BENCHMARK_OPERATION" />
270-->[androidx.profileinstaller:profileinstaller:1.3.0] AndroidManifest.xml:50:17-95
270-->[androidx.profileinstaller:profileinstaller:1.3.0] AndroidManifest.xml:50:25-92
271            </intent-filter>
272        </receiver>
273    </application>
274
275</manifest>